2025-01-05 09:27:00 | DEBUG | repo=course-sys-int-systems-exam | action=commit
2025-01-17 08:55:00 | INFO | repo=course-sys-int-systems-exam | action=commit
2025-10-07 13:40:00 | WARN | repo=course-sys-int-systems-exam | action=commit
2025-06-04 15:09:00 | INFO | repo=course-sys-int-systems-exam | action=commit
2025-04-28 12:23:00 | INFO | repo=course-sys-int-systems-exam | action=commit
2025-05-15 17:56:00 | DEBUG | repo=course-sys-int-systems-exam | action=commit
2025-01-26 19:11:00 | WARN | repo=course-sys-int-systems-exam | action=pull
2025-08-22 18:40:00 | INFO | repo=course-sys-int-systems-exam | action=commit
2025-09-19 21:22:00 | INFO | repo=course-sys-int-systems-exam | action=test | passed=true
2025-07-04 08:06:00 | WARN | repo=course-sys-int-systems-exam | action=commit
2025-08-25 14:52:00 | DEBUG | repo=course-sys-int-systems-exam | action=edit | files=4
2025-12-04 17:35:00 | WARN | repo=course-sys-int-systems-exam | action=commit
2025-04-25 12:47:00 | DEBUG | repo=course-sys-int-systems-exam | action=commit
2025-08-22 20:35:00 | DEBUG | repo=course-sys-int-systems-exam | action=edit | files=2
2025-08-13 17:09:00 | WARN | repo=course-sys-int-systems-exam | action=edit | files=5
2025-02-01 11:33:00 | INFO | repo=course-sys-int-systems-exam | action=test | passed=true
2025-09-17 07:44:00 | WARN | repo=course-sys-int-systems-exam | action=commit
2025-06-15 17:18:00 | INFO | repo=course-sys-int-systems-exam | action=commit
2025-07-01 11:29:00 | INFO | repo=course-sys-int-systems-exam | action=commit
2025-04-22 20:29:00 | WARN | repo=course-sys-int-systems-exam | action=test | passed=true
2025-04-08 13:50:00 | DEBUG | repo=course-sys-int-systems-exam | action=commit
2025-05-25 13:22:00 | DEBUG | repo=course-sys-int-systems-exam | action=commit
2025-03-05 20:49:00 | DEBUG | repo=course-sys-int-systems-exam | action=commit
2025-07-06 08:10:00 | WARN | repo=course-sys-int-systems-exam | action=edit | files=4
2025-08-21 21:04:00 | INFO | repo=course-sys-int-systems-exam | action=edit | files=1
2025-06-25 19:09:00 | DEBUG | repo=course-sys-int-systems-exam | action=pull
2025-04-24 17:01:00 | WARN | repo=course-sys-int-systems-exam | action=commit
2025-09-09 10:48:00 | DEBUG | repo=course-sys-int-systems-exam | action=commit
2025-02-25 18:06:00 | WARN | repo=course-sys-int-systems-exam | action=commit
